<?xml version="1.0" encoding="utf-8"?><testsuites name="pytest tests"><testsuite name="pytest" errors="0" failures="0" skipped="0" tests="19" time="10.728" timestamp="2026-05-04T14:34:31.702684+00:00" hostname="agent-env-fe3650be-85f8-4985-868c-b4576b76396a"><testcase classname="backend.tests.test_api_iter3.TestGeocodeEndpoints" name="test_geocode_search_rajwada_indore" time="0.771" /><testcase classname="backend.tests.test_api_iter3.TestGeocodeEndpoints" name="test_geocode_search_short_query_returns_empty" time="0.166" /><testcase classname="backend.tests.test_api_iter3.TestGeocodeEndpoints" name="test_geocode_search_indore_fallback" time="0.677" /><testcase classname="backend.tests.test_api_iter3.TestGeocodeEndpoints" name="test_geocode_reverse" time="0.213" /><testcase classname="backend.tests.test_api_iter3.TestBulkImportEndpoints" name="test_bulk_import_admin_success" time="0.121" /><testcase classname="backend.tests.test_api_iter3.TestBulkImportEndpoints" name="test_bulk_import_non_admin_returns_403" time="0.147" /><testcase classname="backend.tests.test_api_iter3.TestBulkImportEndpoints" name="test_bulk_import_empty_array" time="0.149" /><testcase classname="backend.tests.test_api_iter3.TestIndoreSeed" name="test_seed_incidents_idempotent" time="0.299" /><testcase classname="backend.tests.test_api_iter3.TestIndoreSeed" name="test_incidents_clustered_around_indore" time="0.130" /><testcase classname="backend.tests.test_api_iter3.TestHealthEndpoint" name="test_health_returns_status" time="0.110" /><testcase classname="backend.tests.test_api_iter3.TestAuthEndpoints" name="test_auth_me_with_valid_token" time="0.154" /><testcase classname="backend.tests.test_api_iter3.TestRoutesEndpoints" name="test_safest_routes_indore_coords" time="0.769" /><testcase classname="backend.tests.test_api_iter3.TestContactsEndpoints" name="test_contacts_crud_flow" time="0.434" /><testcase classname="backend.tests.test_api_iter3.TestSOSEndpoints" name="test_sos_trigger_simulated" time="0.108" /><testcase classname="backend.tests.test_api_iter3.TestAIEndpoints" name="test_ai_risk_analysis" time="3.407" /><testcase classname="backend.tests.test_api_iter3.TestAIEndpoints" name="test_ai_chat" time="2.390" /><testcase classname="backend.tests.test_api_iter3.TestAdminEndpoints" name="test_admin_stats" time="0.132" /><testcase classname="backend.tests.test_api_iter3.TestAdminEndpoints" name="test_admin_incidents_list" time="0.113" /><testcase classname="backend.tests.test_api_iter3.TestAdminEndpoints" name="test_admin_update_incident" time="0.358" /></testsuite></testsuites>