<?xml version="1.0" encoding="utf-8"?><testsuites name="pytest tests"><testsuite name="pytest" errors="0" failures="0" skipped="0" tests="18" time="12.418" timestamp="2026-04-30T05:08:11.992546+00:00" hostname="agent-env-fe3650be-85f8-4985-868c-b4576b76396a"><testcase classname="backend.tests.test_api.TestHealthEndpoint" name="test_health_returns_status" time="0.257" /><testcase classname="backend.tests.test_api.TestAuthEndpoints" name="test_auth_session_invalid_returns_401" time="0.268" /><testcase classname="backend.tests.test_api.TestAuthEndpoints" name="test_auth_me_with_valid_token" time="0.105" /><testcase classname="backend.tests.test_api.TestAuthEndpoints" name="test_auth_me_without_token_returns_401" time="0.116" /><testcase classname="backend.tests.test_api.TestIncidentsEndpoints" name="test_list_incidents_returns_seeded_data" time="0.121" /><testcase classname="backend.tests.test_api.TestIncidentsEndpoints" name="test_create_incident_authenticated" time="0.150" /><testcase classname="backend.tests.test_api.TestIncidentsEndpoints" name="test_create_incident_unauthenticated_returns_401" time="0.113" /><testcase classname="backend.tests.test_api.TestIncidentsEndpoints" name="test_incidents_heatmap" time="0.110" /><testcase classname="backend.tests.test_api.TestRoutesEndpoints" name="test_safest_routes_returns_scored_routes" time="0.602" /><testcase classname="backend.tests.test_api.TestContactsEndpoints" name="test_contacts_crud_flow" time="0.468" /><testcase classname="backend.tests.test_api.TestSOSEndpoints" name="test_sos_trigger_returns_simulated" time="0.120" /><testcase classname="backend.tests.test_api.TestSOSEndpoints" name="test_sos_trigger_unauthenticated_returns_401" time="0.102" /><testcase classname="backend.tests.test_api.TestAIEndpoints" name="test_ai_risk_analysis" time="7.116" /><testcase classname="backend.tests.test_api.TestAIEndpoints" name="test_ai_chat_returns_reply" time="1.939" /><testcase classname="backend.tests.test_api.TestAdminEndpoints" name="test_admin_stats" time="0.111" /><testcase classname="backend.tests.test_api.TestAdminEndpoints" name="test_admin_list_incidents" time="0.111" /><testcase classname="backend.tests.test_api.TestAdminEndpoints" name="test_admin_update_incident_status" time="0.312" /><testcase classname="backend.tests.test_api.TestAdminEndpoints" name="test_admin_stats_unauthenticated_returns_401" time="0.102" /></testsuite></testsuites>