<?xml version="1.0" encoding="utf-8"?><testsuites name="pytest tests"><testsuite name="pytest" errors="0" failures="0" skipped="0" tests="18" time="10.426" timestamp="2026-04-17T18:01:52.814921+00:00" hostname="agent-env-fe3650be-85f8-4985-868c-b4576b76396a"><testcase classname="backend.tests.test_api.TestHealthEndpoint" name="test_health_returns_status" time="0.233" /><testcase classname="backend.tests.test_api.TestAuthEndpoints" name="test_auth_session_invalid_returns_401" time="0.285" /><testcase classname="backend.tests.test_api.TestAuthEndpoints" name="test_auth_me_with_valid_token" time="0.155" /><testcase classname="backend.tests.test_api.TestAuthEndpoints" name="test_auth_me_without_token_returns_401" time="0.114" /><testcase classname="backend.tests.test_api.TestIncidentsEndpoints" name="test_list_incidents_returns_seeded_data" time="0.121" /><testcase classname="backend.tests.test_api.TestIncidentsEndpoints" name="test_create_incident_authenticated" time="0.134" /><testcase classname="backend.tests.test_api.TestIncidentsEndpoints" name="test_create_incident_unauthenticated_returns_401" time="0.128" /><testcase classname="backend.tests.test_api.TestIncidentsEndpoints" name="test_incidents_heatmap" time="0.101" /><testcase classname="backend.tests.test_api.TestRoutesEndpoints" name="test_safest_routes_returns_scored_routes" time="0.552" /><testcase classname="backend.tests.test_api.TestContactsEndpoints" name="test_contacts_crud_flow" time="0.476" /><testcase classname="backend.tests.test_api.TestSOSEndpoints" name="test_sos_trigger_returns_simulated" time="0.108" /><testcase classname="backend.tests.test_api.TestSOSEndpoints" name="test_sos_trigger_unauthenticated_returns_401" time="0.121" /><testcase classname="backend.tests.test_api.TestAIEndpoints" name="test_ai_risk_analysis" time="5.233" /><testcase classname="backend.tests.test_api.TestAIEndpoints" name="test_ai_chat_returns_reply" time="1.649" /><testcase classname="backend.tests.test_api.TestAdminEndpoints" name="test_admin_stats" time="0.111" /><testcase classname="backend.tests.test_api.TestAdminEndpoints" name="test_admin_list_incidents" time="0.129" /><testcase classname="backend.tests.test_api.TestAdminEndpoints" name="test_admin_update_incident_status" time="0.462" /><testcase classname="backend.tests.test_api.TestAdminEndpoints" name="test_admin_stats_unauthenticated_returns_401" time="0.122" /></testsuite></testsuites>