<?xml version="1.0" encoding="utf-8"?><testsuites name="pytest tests"><testsuite name="pytest" errors="0" failures="0" skipped="0" tests="19" time="14.340" timestamp="2026-05-04T14:17:00.731883+00:00" hostname="agent-env-fe3650be-85f8-4985-868c-b4576b76396a"><testcase classname="backend.tests.test_api_iter3.TestGeocodeEndpoints" name="test_geocode_search_rajwada_indore" time="0.839" /><testcase classname="backend.tests.test_api_iter3.TestGeocodeEndpoints" name="test_geocode_search_short_query_returns_empty" time="0.125" /><testcase classname="backend.tests.test_api_iter3.TestGeocodeEndpoints" name="test_geocode_search_indore_fallback" time="0.627" /><testcase classname="backend.tests.test_api_iter3.TestGeocodeEndpoints" name="test_geocode_reverse" time="0.625" /><testcase classname="backend.tests.test_api_iter3.TestBulkImportEndpoints" name="test_bulk_import_admin_success" time="0.116" /><testcase classname="backend.tests.test_api_iter3.TestBulkImportEndpoints" name="test_bulk_import_non_admin_returns_403" time="0.175" /><testcase classname="backend.tests.test_api_iter3.TestBulkImportEndpoints" name="test_bulk_import_empty_array" time="0.120" /><testcase classname="backend.tests.test_api_iter3.TestIndoreSeed" name="test_seed_incidents_idempotent" time="0.260" /><testcase classname="backend.tests.test_api_iter3.TestIndoreSeed" name="test_incidents_clustered_around_indore" time="0.141" /><testcase classname="backend.tests.test_api_iter3.TestHealthEndpoint" name="test_health_returns_status" time="0.109" /><testcase classname="backend.tests.test_api_iter3.TestAuthEndpoints" name="test_auth_me_with_valid_token" time="0.127" /><testcase classname="backend.tests.test_api_iter3.TestRoutesEndpoints" name="test_safest_routes_indore_coords" time="0.664" /><testcase classname="backend.tests.test_api_iter3.TestContactsEndpoints" name="test_contacts_crud_flow" time="0.354" /><testcase classname="backend.tests.test_api_iter3.TestSOSEndpoints" name="test_sos_trigger_simulated" time="0.119" /><testcase classname="backend.tests.test_api_iter3.TestAIEndpoints" name="test_ai_risk_analysis" time="7.002" /><testcase classname="backend.tests.test_api_iter3.TestAIEndpoints" name="test_ai_chat" time="2.011" /><testcase classname="backend.tests.test_api_iter3.TestAdminEndpoints" name="test_admin_stats" time="0.175" /><testcase classname="backend.tests.test_api_iter3.TestAdminEndpoints" name="test_admin_incidents_list" time="0.162" /><testcase classname="backend.tests.test_api_iter3.TestAdminEndpoints" name="test_admin_update_incident" time="0.426" /></testsuite></testsuites>